[    0.000000] Initializing cgroup subsys cpuset
[    0.000000] Initializing cgroup subsys cpu
[    0.000000] Initializing cgroup subsys cpuacct
[    0.000000] Linux version 4.4.0-210-generic (buildd@lgw01-amd64-009) (gcc version 5.4.0 20160609 (Ubuntu 5.4.0-6ubuntu1~16.04.12) ) #242-Ubuntu SMP Fri Apr 16 09:57:56 UTC 2021 (Ubuntu 4.4.0-210.242-generic 4.4.262)
[    0.000000] Command line: BOOT_IMAGE=/boot/vmlinuz-4.4.0-210-generic root=LABEL=cloudimg-rootfs ro console=tty1 console=ttyS0
[    0.000000] KERNEL supported cpus:
[    0.000000]   Intel GenuineIntel
[    0.000000]   AMD AuthenticAMD
[    0.000000]   Centaur CentaurHauls
[    0.000000] [Firmware Bug]: TSC doesn't count with P0 frequency!
[    0.000000] x86/fpu: xstate_offset[2]:  576, xstate_sizes[2]:  256
[    0.000000] x86/fpu: Supporting XSAVE feature 0x01: 'x87 floating point registers'
[    0.000000] x86/fpu: Supporting XSAVE feature 0x02: 'SSE registers'
[    0.000000] x86/fpu: Supporting XSAVE feature 0x04: 'AVX registers'
[    0.000000] x86/fpu: Enabled xstate features 0x7, context size is 832 bytes, using 'standard' format.
[    0.000000] e820: BIOS-provided physical RAM map:
[    0.000000] BIOS-e820: [mem 0x0000000000000000-0x000000000009fbff] usable
[    0.000000] BIOS-e820: [mem 0x000000000009fc00-0x000000000009ffff] reserved
[    0.000000] BIOS-e820: [mem 0x00000000000f0000-0x00000000000fffff] reserved
[    0.000000] BIOS-e820: [mem 0x0000000000100000-0x000000003ffeffff] usable
[    0.000000] BIOS-e820: [mem 0x000000003fff0000-0x000000003fffffff] ACPI data
[    0.000000] BIOS-e820: [mem 0x00000000fec00000-0x00000000fec00fff] reserved
[    0.000000] BIOS-e820: [mem 0x00000000fee00000-0x00000000fee00fff] reserved
[    0.000000] BIOS-e820: [mem 0x00000000fffc0000-0x00000000ffffffff] reserved
[    0.000000] NX (Execute Disable) protection: active
[    0.000000] SMBIOS 2.5 present.
[    0.000000] Hypervisor detected: KVM
[    0.000000] Kernel/User page tables isolation: disabled
[    0.000000] e820: last_pfn = 0x3fff0 max_arch_pfn = 0x400000000
[    0.000000] MTRR: Disabled
[    0.000000] x86/PAT: MTRRs disabled, skipping PAT initialization too.
[    0.000000] CPU MTRRs all blank - virtualized system.
[    0.000000] x86/PAT: Configuration [0-7]: WB  WT  UC- UC  WB  WT  UC- UC  
[    0.000000] found SMP MP-table at [mem 0x0009fff0-0x0009ffff] mapped at [ffff88000009fff0]
[    0.000000] Scanning 1 areas for low memory corruption
[    0.000000] RAMDISK: [mem 0x362dc000-0x37165fff]
[    0.000000] ACPI: Early table checksum verification disabled
[    0.000000] ACPI: RSDP 0x00000000000E0000 000024 (v02 VBOX  )
[    0.000000] ACPI: XSDT 0x000000003FFF0030 00003C (v01 VBOX   VBOXXSDT 00000001 ASL  00000061)
[    0.000000] ACPI: FACP 0x000000003FFF00F0 0000F4 (v04 VBOX   VBOXFACP 00000001 ASL  00000061)
[    0.000000] ACPI: DSDT 0x000000003FFF0610 002353 (v02 VBOX   VBOXBIOS 00000002 INTL 20200925)
[    0.000000] ACPI: FACS 0x000000003FFF0200 000040
[    0.000000] ACPI: FACS 0x000000003FFF0200 000040
[    0.000000] ACPI: APIC 0x000000003FFF0240 00005C (v02 VBOX   VBOXAPIC 00000001 ASL  00000061)
[    0.000000] ACPI: SSDT 0x000000003FFF02A0 00036C (v01 VBOX   VBOXCPUT 00000002 INTL 20200925)
[    0.000000] No NUMA configuration found
[    0.000000] Faking a node at [mem 0x0000000000000000-0x000000003ffeffff]
[    0.000000] NODE_DATA(0) allocated [mem 0x3ffeb000-0x3ffeffff]
[    0.000000] kvm-clock: Using msrs 4b564d01 and 4b564d00
[    0.000000] kvm-clock: cpu 0, msr 0:3ffe3001, primary cpu clock
[    0.000000] kvm-clock: using sched offset of 2991319607 cycles
[    0.000000] clocksource: kvm-clock: mask: 0xffffffffffffffff max_cycles: 0x1cd42e4dffb, max_idle_ns: 881590591483 ns
[    0.000000] Zone ranges:
[    0.000000]   DMA      [mem 0x0000000000001000-0x0000000000ffffff]
[    0.000000]   DMA32    [mem 0x0000000001000000-0x000000003ffeffff]
[    0.000000]   Normal   empty
[    0.000000]   Device   empty
[    0.000000] Movable zone start for each node
[    0.000000] Early memory node ranges
[    0.000000]   node   0: [mem 0x0000000000001000-0x000000000009efff]
[    0.000000]   node   0: [mem 0x0000000000100000-0x000000003ffeffff]
[    0.000000] Initmem setup node 0 [mem 0x0000000000001000-0x000000003ffeffff]
[    0.000000] ACPI: PM-Timer IO Port: 0x4008
[    0.000000] IOAPIC[0]: apic_id 2, version 32, address 0xfec00000, GSI 0-23
[    0.000000] ACPI: INT_SRC_OVR (bus 0 bus_irq 0 global_irq 2 dfl dfl)
[    0.000000] ACPI: INT_SRC_OVR (bus 0 bus_irq 9 global_irq 9 low level)
[    0.000000] Using ACPI (MADT) for SMP configuration information
[    0.000000] smpboot: Allowing 2 CPUs, 0 hotplug CPUs
[    0.000000] PM: Registered nosave memory: [mem 0x00000000-0x00000fff]
[    0.000000] PM: Registered nosave memory: [mem 0x0009f000-0x0009ffff]
[    0.000000] PM: Registered nosave memory: [mem 0x000a0000-0x000effff]
[    0.000000] PM: Registered nosave memory: [mem 0x000f0000-0x000fffff]
[    0.000000] e820: [mem 0x40000000-0xfebfffff] available for PCI devices
[    0.000000] Booting paravirtualized kernel on KVM
[    0.000000] clocksource: refined-jiffies: mask: 0xffffffff max_cycles: 0xffffffff, max_idle_ns: 7645519600211568 ns
[    0.000000] setup_percpu: NR_CPUS:512 nr_cpumask_bits:512 nr_cpu_ids:2 nr_node_ids:1
[    0.000000] PERCPU: Embedded 33 pages/cpu @ffff88003fc00000 s95192 r8192 d31784 u1048576
[    0.000000] Built 1 zonelists in Node order, mobility grouping on.  Total pages: 257912
[    0.000000] Policy zone: DMA32
[    0.000000] Kernel command line: BOOT_IMAGE=/boot/vmlinuz-4.4.0-210-generic root=LABEL=cloudimg-rootfs ro console=tty1 console=ttyS0
[    0.000000] PID hash table entries: 4096 (order: 3, 32768 bytes)
[    0.000000] Memory: 997792K/1048120K available (8644K kernel code, 1332K rwdata, 4044K rodata, 1492K init, 1164K bss, 50328K reserved, 0K cma-reserved)
[    0.000000] SLUB: HWalign=64, Order=0-3, MinObjects=0, CPUs=2, Nodes=1
[    0.000000] Hierarchical RCU implementation.
[    0.000000] 	Build-time adjustment of leaf fanout to 64.
[    0.000000] 	RCU restricting CPUs from NR_CPUS=512 to nr_cpu_ids=2.
[    0.000000] RCU: Adjusting geometry for rcu_fanout_leaf=64, nr_cpu_ids=2
[    0.000000] NR_IRQS:33024 nr_irqs:440 16
[    0.000000] Console: colour VGA+ 80x25
[    0.000000] console [tty1] enabled
[    0.000000] console [ttyS0] enabled
[    0.000000] tsc: Detected 3599.986 MHz processor
[    0.104994] Calibrating delay loop (skipped) preset value.. 7199.97 BogoMIPS (lpj=14399944)
[    0.106041] pid_max: default: 32768 minimum: 301
[    0.106579] ACPI: Core revision 20150930
[    0.108005] ACPI: 2 ACPI AML tables successfully acquired and loaded
[    0.108746] Security Framework initialized
[    0.109234] Yama: becoming mindful.
[    0.109682] AppArmor: AppArmor initialized
[    0.110250] Dentry cache hash table entries: 131072 (order: 8, 1048576 bytes)
[    0.111112] Inode-cache hash table entries: 65536 (order: 7, 524288 bytes)
[    0.116205] Mount-cache hash table entries: 2048 (order: 2, 16384 bytes)
[    0.117029] Mountpoint-cache hash table entries: 2048 (order: 2, 16384 bytes)
[    0.117925] Initializing cgroup subsys io
[    0.118437] Initializing cgroup subsys memory
[    0.119002] Initializing cgroup subsys devices
[    0.119586] Initializing cgroup subsys freezer
[    0.120220] Initializing cgroup subsys net_cls
[    0.120807] Initializing cgroup subsys perf_event
[    0.121355] Initializing cgroup subsys net_prio
[    0.121947] Initializing cgroup subsys hugetlb
[    0.122488] Initializing cgroup subsys pids
[    0.135295] mce: CPU supports 0 MCE banks
[    0.135943] Last level iTLB entries: 4KB 1024, 2MB 1024, 4MB 512
[    0.137398] Last level dTLB entries: 4KB 1536, 2MB 1536, 4MB 768, 1GB 0
[    0.138132] Spectre V1 : Mitigation: usercopy/swapgs barriers and __user pointer sanitization
[    0.139136] Spectre V2 : Spectre mitigation: LFENCE not serializing, switching to generic retpoline
[    0.140160] Spectre V2 : Mitigation: Full generic retpoline
[    0.140765] Spectre V2 : Spectre v2 / SpectreRSB mitigation: Filling RSB on context switch
[    0.143314] Freeing SMP alternatives memory: 36K
[    0.147656] ftrace: allocating 32380 entries in 127 pages
[    0.196341] smpboot: APIC(0) Converting physical 0 to logical package 0
[    0.198483] smpboot: Max logical packages: 1
[    0.199258] x2apic enabled
[    0.199885] Switched APIC routing to physical x2apic.
[    0.201502] ..TIMER: vector=0x30 apic1=0 pin1=2 apic2=-1 pin2=-1
[    0.310413] smpboot: CPU0: AMD Ryzen 3 3200G with Radeon Vega Graphics (family: 0x17, model: 0x18, stepping: 0x1)
[    0.311838] Performance Events: Broken PMU hardware detected, using software events only.
[    0.312944] Failed to access perfctr msr (MSR c0010007 is 0)
[    0.318113] KVM setup paravirtual spinlock
[    0.319645] x86: Booting SMP configuration:
[    0.320279] .... node  #0, CPUs:      #1
[    0.320970] kvm-clock: cpu 1, msr 0:3ffe3041, secondary cpu clock
[    0.335508] mce: CPU supports 0 MCE banks
[    0.338532] x86: Booted up 1 node, 2 CPUs
[    0.339291] smpboot: Total of 2 processors activated (14399.94 BogoMIPS)
[    0.340772] devtmpfs: initialized
[    0.343039] evm: security.selinux
[    0.343533] evm: security.SMACK64
[    0.344005] evm: security.SMACK64EXEC
[    0.344508] evm: security.SMACK64TRANSMUTE
[    0.345607] evm: security.SMACK64MMAP
[    0.346347] evm: security.ima
[    0.346934] evm: security.capability
[    0.348461] clocksource: jiffies: mask: 0xffffffff max_cycles: 0xffffffff, max_idle_ns: 7645041785100000 ns
[    0.350430] futex hash table entries: 512 (order: 3, 32768 bytes)
[    0.351485] pinctrl core: initialized pinctrl subsystem
[    0.352274] RTC time: 20:41:22, date: 02/01/23
[    0.355264] NET: Registered protocol family 16
[    0.372178] cpuidle: using governor ladder
[    0.388145] cpuidle: using governor menu
[    0.388959] PCCT header not found.
[    0.389704] ACPI: bus type PCI registered
[    0.390232] acpiphp: ACPI Hot Plug PCI Controller Driver version: 0.5
[    0.391549] PCI: Using configuration type 1 for base access
[    0.392909] PCI: Using configuration type 1 for extended access
[    0.407657] ACPI: Added _OSI(Module Device)
[    0.408527] ACPI: Added _OSI(Processor Device)
[    0.409406] ACPI: Added _OSI(3.0 _SCP Extensions)
[    0.410324] ACPI: Added _OSI(Processor Aggregator Device)
[    0.411831] ACPI: Executed 1 blocks of module-level executable AML code
[    0.414573] ACPI: Interpreter enabled
[    0.424843] ACPI: (supports S0 S5)
[    0.427472] ACPI: Using IOAPIC for interrupt routing
[    0.431434] PCI: Using host bridge windows from ACPI; if necessary, use "pci=nocrs" and report a bug
[    0.441346] ACPI: PCI Root Bridge [PCI0] (domain 0000 [bus 00-ff])
[    0.454906] acpi PNP0A03:00: _OSC: OS supports [ExtendedConfig ASPM ClockPM Segments MSI]
[    0.463864] acpi PNP0A03:00: _OSC: platform does not support [PCIeCapability]
[    0.470598] acpi PNP0A03:00: _OSC: not requesting control; platform does not support [PCIeCapability]
[    0.475600] acpi PNP0A03:00: _OSC: OS requested [PCIeHotplug PME AER PCIeCapability]
[    0.479893] acpi PNP0A03:00: _OSC: platform willing to grant [PCIeHotplug PME AER]
[    0.484814] acpi PNP0A03:00: _OSC failed (AE_SUPPORT); disabling ASPM
[    0.488058] PCI host bridge to bus 0000:00
[    0.488927] pci_bus 0000:00: root bus resource [io  0x0000-0x0cf7 window]
[    0.490216] pci_bus 0000:00: root bus resource [io  0x0d00-0xffff window]
[    0.491484] pci_bus 0000:00: root bus resource [mem 0x000a0000-0x000bffff window]
[    0.499061] pci_bus 0000:00: root bus resource [mem 0x40000000-0xfdffffff window]
[    0.500576] pci_bus 0000:00: root bus resource [bus 00-ff]
[    0.502495] pci 0000:00:01.1: legacy IDE quirk: reg 0x10: [io  0x01f0-0x01f7]
[    0.503857] pci 0000:00:01.1: legacy IDE quirk: reg 0x14: [io  0x03f6]
[    0.505108] pci 0000:00:01.1: legacy IDE quirk: reg 0x18: [io  0x0170-0x0177]
[    0.506425] pci 0000:00:01.1: legacy IDE quirk: reg 0x1c: [io  0x0376]
[    0.527324] pci 0000:00:07.0: quirk: [io  0x4000-0x403f] claimed by PIIX4 ACPI
[    0.529013] pci 0000:00:07.0: quirk: [io  0x4100-0x410f] claimed by PIIX4 SMB
[    0.544371] ACPI: PCI Interrupt Link [LNKA] (IRQs 5 9 10 *11)
[    0.546190] ACPI: PCI Interrupt Link [LNKB] (IRQs 5 9 *10 11)
[    0.547734] ACPI: PCI Interrupt Link [LNKC] (IRQs 5 *9 10 11)
[    0.549338] ACPI: PCI Interrupt Link [LNKD] (IRQs 5 9 10 *11)
[    0.550782] ACPI: Enabled 2 GPEs in block 00 to 07
[    0.551952] vgaarb: setting as boot device: PCI:0000:00:02.0
[    0.553201] vgaarb: device added: PCI:0000:00:02.0,decodes=io+mem,owns=io+mem,locks=none
[    0.554998] vgaarb: loaded
[    0.555601] vgaarb: bridge control possible 0000:00:02.0
[    0.556970] SCSI subsystem initialized
[    0.558174] ACPI: bus type USB registered
[    0.559004] usbcore: registered new interface driver usbfs
[    0.559734] usbcore: registered new interface driver hub
[    0.560359] usbcore: registered new device driver usb
[    0.561174] PCI: Using ACPI for IRQ routing
[    0.562259] NetLabel: Initializing
[    0.563019] NetLabel:  domain hash size = 128
[    0.563886] NetLabel:  protocols = UNLABELED CIPSOv4
[    0.566030] NetLabel:  unlabeled traffic allowed by default
[    0.567341] amd_nb: Cannot enumerate AMD northbridges
[    0.568364] clocksource: Switched to clocksource kvm-clock
[    0.577664] AppArmor: AppArmor Filesystem Enabled
[    0.578391] pnp: PnP ACPI init
[    0.579311] pnp: PnP ACPI: found 3 devices
[    0.588788] clocksource: acpi_pm: mask: 0xffffff max_cycles: 0xffffff, max_idle_ns: 2085701024 ns
[    0.589932] NET: Registered protocol family 2
[    0.590593] TCP established hash table entries: 8192 (order: 4, 65536 bytes)
[    0.591364] TCP bind hash table entries: 8192 (order: 5, 131072 bytes)
[    0.592093] TCP: Hash tables configured (established 8192 bind 8192)
[    0.592837] UDP hash table entries: 512 (order: 2, 16384 bytes)
[    0.593506] UDP-Lite hash table entries: 512 (order: 2, 16384 bytes)
[    0.594251] NET: Registered protocol family 1
[    0.594853] pci 0000:00:00.0: Limiting direct PCI/PCI transfers
[    0.595540] pci 0000:00:01.0: Activating ISA DMA hang workarounds
[    0.597838] Unpacking initramfs...
[    0.824094] Freeing initrd memory: 14888K
[    0.824809] clocksource: tsc: mask: 0xffffffffffffffff max_cycles: 0x33e445d5c06, max_idle_ns: 440795232763 ns
[    0.826115] platform rtc_cmos: registered platform RTC device (no PNP device found)
[    0.827148] Scanning for low memory corruption every 60 seconds
[    0.828136] audit: initializing netlink subsys (disabled)
[    0.828912] audit: type=2000 audit(1675284087.147:1): initialized
[    0.830029] Initialise system trusted keyring
[    0.830776] HugeTLB registered 2 MB page size, pre-allocated 0 pages
[    0.832561] zbud: loaded
[    0.833750] VFS: Disk quotas dquot_6.6.0
[    0.834374] VFS: Dquot-cache hash table entries: 512 (order 0, 4096 bytes)
[    0.835401] squashfs: version 4.0 (2009/01/31) Phillip Lougher
[    0.839343] fuse init (API version 7.23)
[    0.840053] Key type big_key registered
[    0.840621] Allocating IMA MOK and blacklist keyrings.
[    0.842073] Key type asymmetric registered
[    0.842620] Asymmetric key parser 'x509' registered
[    0.843273] Block layer SCSI generic (bsg) driver version 0.4 loaded (major 249)
[    0.844325] io scheduler noop registered
[    0.844885] io scheduler deadline registered (default)
[    0.845541] io scheduler cfq registered
[    0.846157] pci_hotplug: PCI Hot Plug PCI Core version: 0.5
[    0.846846] pciehp: PCI Express Hot Plug Controller Driver version: 0.4
[    0.847728] ACPI: AC Adapter [AC] (on-line)
[    0.848790] input: Power Button as /devices/LNXSYSTM:00/LNXPWRBN:00/input/input0
[    0.849951] ACPI: Power Button [PWRF]
[    0.850543] input: Sleep Button as /devices/LNXSYSTM:00/LNXSLPBN:00/input/input1
[    0.851547] ACPI: Sleep Button [SLPF]
[    0.852304] GHES: HEST is not enabled!
[    0.853026] Serial: 8250/16550 driver, 32 ports, IRQ sharing enabled
[    0.874195] 00:02: ttyS0 at I/O 0x3f8 (irq = 4, base_baud = 115200) is a 16550A
[    0.876954] Linux agpgart interface v0.103
[    0.879080] loop: module loaded
[    0.879959] scsi host0: ata_piix
[    0.880729] scsi host1: ata_piix
[    0.881224] ata1: PATA max UDMA/33 cmd 0x1f0 ctl 0x3f6 bmdma 0xd000 irq 14
[    0.882162] ata2: PATA max UDMA/33 cmd 0x170 ctl 0x376 bmdma 0xd008 irq 15
[    0.883206] libphy: Fixed MDIO Bus: probed
[    0.883871] tun: Universal TUN/TAP device driver, 1.6
[    0.884629] tun: (C) 1999-2004 Max Krasnyansky <maxk@qualcomm.com>
[    0.886214] PPP generic driver version 2.4.2
[    0.886887] ehci_hcd: USB 2.0 'Enhanced' Host Controller (EHCI) Driver
[    0.887704] ehci-pci: EHCI PCI platform driver
[    0.888330] ehci-platform: EHCI generic platform driver
[    0.889079] ohci_hcd: USB 1.1 'Open' Host Controller (OHCI) Driver
[    0.889851] ohci-pci: OHCI PCI platform driver
[    0.890496] ohci-platform: OHCI generic platform driver
[    0.891231] uhci_hcd: USB Universal Host Controller Interface driver
[    0.892181] i8042: PNP: PS/2 Controller [PNP0303:PS2K,PNP0f03:PS2M] at 0x60,0x64 irq 1,12
[    0.893601] serio: i8042 KBD port at 0x60,0x64 irq 1
[    0.894294] serio: i8042 AUX port at 0x60,0x64 irq 12
[    0.895100] mousedev: PS/2 mouse device common for all mice
[    0.896045] input: AT Translated Set 2 keyboard as /devices/platform/i8042/serio0/input/input2
[    0.897457] rtc_cmos rtc_cmos: rtc core: registered rtc_cmos as rtc0
[    0.898705] rtc_cmos rtc_cmos: alarms up to one day, 114 bytes nvram
[    0.899818] i2c /dev entries driver
[    0.900418] device-mapper: uevent: version 1.0.3
[    0.901149] device-mapper: ioctl: 4.34.0-ioctl (2015-10-28) initialised: dm-devel@redhat.com
[    0.902276] ledtrig-cpu: registered to indicate activity on CPUs
[    0.903544] NET: Registered protocol family 10
[    0.904464] NET: Registered protocol family 17
[    0.905136] Key type dns_resolver registered
[    0.905959] registered taskstats version 1
[    0.906508] Loading compiled-in X.509 certificates
[    0.907604] Loaded X.509 cert 'Build time autogenerated kernel key: cf00e047681d67edb2720680708b7d9498083038'
[    0.908827] zswap: loaded using pool lzo/zbud
[    0.910795] Key type trusted registered
[    0.913563] Key type encrypted registered
[    0.914190] AppArmor: AppArmor sha1 policy hashing enabled
[    0.916852] ima: No TPM chip found, activating TPM-bypass!
[    0.917497] ima: Allocated hash algorithm: sha1
[    0.918128] evm: HMAC attrs: 0x1
[    0.919590]   Magic number: 11:304:699
[    0.920219] rtc_cmos rtc_cmos: setting system clock to 2023-02-01 20:41:22 UTC (1675284082)
[    0.921494] BIOS EDD facility v0.16 2004-Jun-25, 0 devices found
[    0.922233] EDD information not available.
[    1.059310] Freeing unused kernel memory: 1492K
[    1.059969] Write protecting the kernel read-only data: 14336k
[    1.061026] Freeing unused kernel memory: 1584K
[    1.061764] Freeing unused kernel memory: 52K
Loading, please wait...
starting version 229
[    1.073534] random: systemd-udevd: uninitialized urandom read (16 bytes read, 3 bits of entropy available)
[    1.073994] random: udevadm: uninitialized urandom read (16 bytes read, 3 bits of entropy available)
[    1.074019] random: udevadm: uninitialized urandom read (16 bytes read, 3 bits of entropy available)
[    1.077228] random: systemd-udevd: uninitialized urandom read (16 bytes read, 3 bits of entropy available)
[    1.078476] random: systemd-udevd: uninitialized urandom read (16 bytes read, 3 bits of entropy available)
[    1.079687] random: systemd-udevd: uninitialized urandom read (16 bytes read, 3 bits of entropy available)
[    1.080728] random: udevadm: uninitialized urandom read (16 bytes read, 3 bits of entropy available)
[    1.080768] random: udevadm: uninitialized urandom read (16 bytes read, 3 bits of entropy available)
[    1.080881] random: udevadm: uninitialized urandom read (16 bytes read, 3 bits of entropy available)
[    1.080929] random: udevadm: uninitialized urandom read (16 bytes read, 3 bits of entropy available)
[    1.123911] e1000: Intel(R) PRO/1000 Network Driver - version 7.3.21-k8-NAPI
[    1.124908] e1000: Copyright (c) 1999-2006 Intel Corporation.
[    1.130078] Fusion MPT base driver 3.04.20
[    1.130651] Copyright (c) 1999-2008 LSI Corporation
[    1.139661] Fusion MPT SPI Host driver 3.04.20
[    1.146547] AVX2 version of gcm_enc/dec engaged.
[    1.147223] AES CTR mode by8 optimization enabled
[    1.341663] input: ImExPS/2 Generic Explorer Mouse as /devices/platform/i8042/serio1/input/input4
[    1.447235] e1000 0000:00:03.0 eth0: (PCI:33MHz:32-bit) 02:be:82:6b:cc:1d
[    1.448084] e1000 0000:00:03.0 eth0: Intel(R) PRO/1000 Network Connection
[    1.449668] mptbase: ioc0: Initiating bringup
[    1.928592] ioc0: LSI53C1030 A0: Capabilities={Initiator}
[    2.404749] scsi host2: ioc0: LSI53C1030 A0, FwRev=00000000h, Ports=1, MaxQ=256, IRQ=20
[    2.517116] scsi 2:0:0:0: Direct-Access     VBOX     HARDDISK         1.0  PQ: 0 ANSI: 5
[    2.520179] scsi target2:0:0: Beginning Domain Validation
[    2.522034] scsi target2:0:0: Domain Validation skipping write tests
[    2.523057] scsi target2:0:0: Ending Domain Validation
[    2.523920] scsi target2:0:0: asynchronous
[    2.531073] scsi 2:0:1:0: Direct-Access     VBOX     HARDDISK         1.0  PQ: 0 ANSI: 5
[    2.532537] scsi target2:0:1: Beginning Domain Validation
[    2.533674] scsi target2:0:1: Domain Validation skipping write tests
[    2.534512] scsi target2:0:1: Ending Domain Validation
[    2.535696] scsi target2:0:1: asynchronous
[    2.540895] sd 2:0:0:0: Attached scsi generic sg0 type 0
[    2.542177] sd 2:0:0:0: [sda] 83886080 512-byte logical blocks: (42.9 GB/40.0 GiB)
[    2.543193] sd 2:0:1:0: [sdb] 20480 512-byte logical blocks: (10.5 MB/10.0 MiB)
[    2.544196] sd 2:0:1:0: Attached scsi generic sg1 type 0
[    2.544925] sd 2:0:0:0: [sda] Write Protect is off
[    2.545569] sd 2:0:1:0: [sdb] Write Protect is off
[    2.546241] sd 2:0:0:0: [sda] Incomplete mode parameter data
[    2.547066] sd 2:0:0:0: [sda] Assuming drive cache: write through
[    2.547082] sd 2:0:1:0: [sdb] Incomplete mode parameter data
[    2.547084] sd 2:0:1:0: [sdb] Assuming drive cache: write through
[    2.550264]  sda: sda1
[    2.551978] sd 2:0:0:0: [sda] Attached SCSI disk
[    2.555250] sd 2:0:1:0: [sdb] Attached SCSI disk
[    2.843868] e1000 0000:00:08.0 eth1: (PCI:33MHz:32-bit) 08:00:27:80:77:a6
[    2.844705] e1000 0000:00:08.0 eth1: Intel(R) PRO/1000 Network Connection
[    2.846283] e1000 0000:00:08.0 enp0s8: renamed from eth1
[    2.856743] e1000 0000:00:03.0 enp0s3: renamed from eth0
Begin: Loading essential drivers ... [    4.121167] md: linear personality registered for level -1
[    4.124244] md: multipath personality registered for level -4
[    4.126829] md: raid0 personality registered for level 0
[    4.129911] md: raid1 personality registered for level 1
[    4.200412] raid6: sse2x1   gen()  8082 MB/s
[    4.268476] raid6: sse2x1   xor()  7635 MB/s
[    4.336457] raid6: sse2x2   gen() 16127 MB/s
[    4.404392] raid6: sse2x2   xor() 10344 MB/s
[    4.472456] raid6: sse2x4   gen() 16768 MB/s
[    4.540448] raid6: sse2x4   xor()  8755 MB/s
[    4.608445] raid6: avx2x1   gen() 18135 MB/s
[    4.676427] raid6: avx2x2   gen() 22965 MB/s
[    4.744440] raid6: avx2x4   gen() 23143 MB/s
[    4.745078] raid6: using algorithm avx2x4 gen() 23143 MB/s
[    4.745777] raid6: using avx2x2 recovery algorithm
[    4.747327] xor: automatically using best checksumming function:
[    4.784480]    avx       : 11860.000 MB/sec
[    4.786261] async_tx: api initialized (async)
[    4.795972] md: raid6 personality registered for level 6
[    4.797174] md: raid5 personality registered for level 5
[    4.797850] md: raid4 personality registered for level 4
[    4.802636] md: raid10 personality registered for level 10
done.
Begin: Running /scripts/init-premount ... done.
Begin: Mounting root file system ... Begin: Running /scripts/local-top ... done.
Begin: Running /scripts/local-premount ... [    4.828180] Btrfs loaded
Scanning for Btrfs filesystems
done.
Warning: fsck not present, so skipping root file system
[    4.854520] EXT4-fs (sda1): mounted filesystem with ordered data mode. Opts: (null)
done.
Begin: Running /scripts/local-bottom ... done.
Begin: Running /scripts/init-bottom ... done.
[    4.961727] systemd[1]: systemd 229 running in system mode. (+PAM +AUDIT +SELINUX +IMA +APPARMOR +SMACK +SYSVINIT +UTMP +LIBCRYPTSETUP +GCRYPT +GNUTLS +ACL +XZ -LZ4 +SECCOMP +BLKID +ELFUTILS +KMOD -IDN)
[    4.964291] systemd[1]: Detected virtualization oracle.
[    4.964989] systemd[1]: Detected architecture x86-64.

Welcome to [1mUbuntu 16.04.7 LTS[0m!

[    4.968494] systemd[1]: Set hostname to <ubuntu>.
[    4.971357] systemd[1]: Initializing machine ID from random generator.
[    4.973548] systemd[1]: Installed transient /etc/machine-id file.
[    5.087003] systemd[1]: Listening on Device-mapper event daemon FIFOs.
[[0;32m  OK  [0m] Listening on Device-mapper event daemon FIFOs.
[    5.088684] systemd[1]: Set up automount Arbitrary Executable File Formats File System Automount Point.
[[0;32m  OK  [0m] Set up automount Arbitrary Executab...ats File System Automount Point.
[    5.091374] systemd[1]: Listening on udev Kernel Socket.
[[0;32m  OK  [0m] Listening on udev Kernel Socket.
[    5.092542] systemd[1]: Listening on fsck to fsckd communication Socket.
[[0;32m  OK  [0m] Listening on fsck to fsckd communication Socket.
[    5.093818] systemd[1]: Reached target User and Group Name Lookups.
[[0;32m  OK  [0m] Reached target User and Group Name Lookups.
[    5.095346] systemd[1]: Created slice User and Session Slice.
[[0;32m  OK  [0m] Created slice User and Session Slice.
[    5.096584] systemd[1]: Listening on Journal Socket (/dev/log).
[[0;32m  OK  [0m] Listening on Journal Socket (/dev/log).
[    5.097875] systemd[1]: Created slice System Slice.
[[0;32m  OK  [0m] Created slice System Slice.
[    5.099086] systemd[1]: Created slice system-serial\x2dgetty.slice.
[[0;32m  OK  [0m] Created slice system-serial\x2dgetty.slice.
[    5.100335] systemd[1]: Reached target System Time Synchronized.
[[0;32m  OK  [0m] Reached target System Time Synchronized.
[    5.101966] systemd[1]: Listening on Syslog Socket.
[[0;32m  OK  [0m] Listening on Syslog Socket.
[    5.103018] systemd[1]: Listening on /dev/initctl Compatibility Named Pipe.
[[0;32m  OK  [0m] Listening on /dev/initctl Compatibility Named Pipe.
[    5.104325] systemd[1]: Reached target Swap.
[[0;32m  OK  [0m] Reached target Swap.
[    5.105342] systemd[1]: Listening on LVM2 poll daemon socket.
[[0;32m  OK  [0m] Listening on LVM2 poll daemon socket.
[    5.106832] systemd[1]: Listening on Journal Socket.
[[0;32m  OK  [0m] Listening on Journal Socket.
[    5.124743] systemd[1]: Starting Set console keymap...
         Starting Set console keymap...
[    5.126759] systemd[1]: Starting Nameserver information manager...
         Starting Nameserver information manager...
[    5.128735] systemd[1]: Mounting Debug File System...
         Mounting Debug File System...
[    5.130445] systemd[1]: Starting Create list of required static device nodes for the current kernel...
         Starting Create list of required st... nodes for the current kernel...
[    5.132249] systemd[1]: Listening on udev Control Socket.
[[0;32m  OK  [0m] Listening on udev Control Socket.
[    5.133415] systemd[1]: Listening on Journal Audit Socket.
[[0;32m  OK  [0m] Listening on Journal Audit Socket.
[    5.135096] systemd[1]: Starting Journal Service...
         Starting Journal Service...
[    5.136398] systemd[1]: Reached target Slices.
[[0;32m  OK  [0m] Reached target Slices.
[    5.137389] systemd[1]: Reached target Encrypted Volumes.
[[0;32m  OK  [0m] Reached target Encrypted Volumes.
[    5.144772] systemd[1]: Listening on LVM2 metadata daemon socket.
[[0;32m  OK  [0m] Listening on LVM2 metadata daemon socket.
[    5.160589] systemd[1]: Mounting Huge Pages File System...
         Mounting Huge Pages File System...
[    5.162409] systemd[1]: Starting Uncomplicated firewall...
         Starting Uncomplicated firewall...
[    5.164037] systemd[1]: Started Forward Password Requests to Wall Directory Watch.
[[0;32m  OK  [0m] Started Forward Password Requests to Wall Directory Watch.
[    5.169504] systemd[1]: Starting File System Check on Root Device...
         Starting File System Check on Root Device...
[    5.170838] systemd[1]: Started Trigger resolvconf update for networkd DNS.
[[0;32m  OK  [0m] Started Trigger resolvconf update for networkd DNS.
[    5.174109] systemd[1]: Starting Monitoring of LVM2 mirrors, snapshots etc. using dmeventd or progress polling...
         Starting Monitoring of LVM2 mirrors... dmeventd or progress polling...
[    5.178962] systemd[1]: Starting Load Kernel Modules...
         Starting Load Kernel Modules...
[    5.180832] systemd[1]: Mounting POSIX Message Queue File System...
         Mounting POSIX Message Queue File System...
[    5.183523] systemd[1]: Mounted Huge Pages File System.
[[0;32m  OK  [0m] Mounted Huge Pages File System.
[    5.186895] systemd[1]: Mounted Debug File System.
[[0;32m  OK  [0m] Mounted Debug File System.
[    5.188676] systemd[1]: Mounted POSIX Message Queue File System.
[[0;32m  OK  [0m] Mounted POSIX Message Queue File System.
[    5.192754] systemd[1]: Started Journal Service.
[[0;32m  OK  [0m] Started Journal Service.
[[0;32m  OK  [0m] Started Set console keymap.
[[0;32m  OK  [0m] Started Create list of required sta...ce nodes for the current kernel.
[[0;32m  OK  [0m] Started Uncomplicated firewall.
[[0;32m  OK  [0m] Started Nameserver information manager.
[    5.202269] Loading iSCSI transport class v2.0-870.
[[0;32m  OK  [0m] Started File System Check Daemon to report status.
         Starting Create Static Device Nodes in /dev...
[[0;32m  OK  [0m] Started File System Check on Root Device.
[[0;32m  OK  [0m] Started LVM2 metadata daemon.
         Starting Remount Root and Kernel File Systems...
[    5.218587] EXT4-fs (sda1): re-mounted. Opts: (null)
[[0;32m  OK  [0m] Started Remount Root and Kernel File Systems.
[    5.221523] iscsi: registered transport (tcp)
         Starting udev Coldplug all Devices...
         Starting Flush Journal to Persistent Storage...
         Starting Load/Save Random Seed...
[[0;32m  OK  [0m] Started Load/Save Random Seed.
[    5.242404] systemd-journald[403]: Received request to flush runtime journal from PID 1
[[0;32m  OK  [0m] Started Flush Journal to Persistent Storage.
[[0;32m  OK  [0m] Started Create Static Device Nodes in /dev.
         Starting udev Kernel Device Manager...
[    5.268574] iscsi: registered transport (iser)
[[0;32m  OK  [0m] Started Load Kernel Modules.
         Starting Apply Kernel Variables...
         Mounting FUSE Control File System...
[[0;32m  OK  [0m] Started udev Kernel Device Manager.
[[0;32m  OK  [0m] Started udev Coldplug all Devices.
[[0;32m  OK  [0m] Mounted FUSE Control File System.
[[0;32m  OK  [0m] Started Dispatch Password Requests to Console Directory Watch.
[[0;32m  OK  [0m] Started Apply Kernel Variables.
[[0;32m  OK  [0m] Found device /dev/ttyS0.
[[0;32m  OK  [0m] Listening on Load/Save RF Kill Switch Status /dev/rfkill Watch.
[[0;32m  OK  [0m] Started Monitoring of LVM2 mirrors,...ng dmeventd or progress polling.
[[0;32m  OK  [0m] Reached target Local File Systems (Pre).
[[0;32m  OK  [0m] Reached target Local File Systems.
         Starting Commit a transient machine-id on disk...
         Starting Set console font and keymap...
         Starting Create Volatile Files and Directories...
         Starting LSB: AppArmor initialization...
         Starting Initial cloud-init job (pre-networking)...
         Starting Tell Plymouth To Write Out Runtime Data...
[[0;32m  OK  [0m] Started Commit a transient machine-id on disk.
[[0;32m  OK  [0m] Started Create Volatile Files and Directories.
[[0;32m  OK  [0m] Started Tell Plymouth To Write Out Runtime Data.
         Starting Update UTMP about System Boot/Shutdown...
[[0;32m  OK  [0m] Started Update UTMP about System Boot/Shutdown.
[[0;32m  OK  [0m] Started Set console font and keymap.
[[0;32m  OK  [0m] Created slice system-getty.slice.
[[0;32m  OK  [0m] Started LSB: AppArmor initialization.
         Starting Load AppArmor profiles managed internally by snapd...
[[0;32m  OK  [0m] Started Load AppArmor profiles managed internally by snapd.
[    6.826362] cloud-init[677]: Cloud-init v. 21.1-19-gbad84ad4-0ubuntu1~16.04.2 running 'init-local' at Wed, 01 Feb 2023 20:41:28 +0000. Up 6.56 seconds.
[[0;32m  OK  [0m] Started Initial cloud-init job (pre-networking).
[[0;32m  OK  [0m] Reached target Network (Pre).
         Starting Raise network interfaces...
[[0;32m  OK  [0m] Started Raise network interfaces.
[[0;32m  OK  [0m] Reached target Network.
         Starting Initial cloud-init job (metadata service crawler)...
[    7.814898] cloud-init[979]: Cloud-init v. 21.1-19-gbad84ad4-0ubuntu1~16.04.2 running 'init' at Wed, 01 Feb 2023 20:41:29 +0000. Up 7.37 seconds.
[    7.816132] cloud-init[979]: ci-info: ++++++++++++++++++++++++++++++++++++++Net device info+++++++++++++++++++++++++++++++++++++++
[    7.817142] cloud-init[979]: ci-info: +--------+-------+----------------------------+---------------+--------+-------------------+
[    7.818244] cloud-init[979]: ci-info: | Device |   Up  |          Address           |      Mask     | Scope  |     Hw-Address    |
[    7.819237] cloud-init[979]: ci-info: +--------+-------+----------------------------+---------------+--------+-------------------+
[    7.820172] cloud-init[979]: ci-info: | enp0s3 |  True |         10.0.2.15          | 255.255.255.0 | global | 02:be:82:6b:cc:1d |
[    7.820953] cloud-init[979]: ci-info: | enp0s3 |  True | fe80::be:82ff:fe6b:cc1d/64 |       .       |  link  | 02:be:82:6b:cc:1d |
[    7.822979] cloud-init[979]: ci-info: | enp0s8 | False |             .              |       .       |   .    | 08:00:27:80:77:a6 |
[    7.824440] cloud-init[979]: ci-info: |   lo   |  True |         127.0.0.1          |   255.0.0.0   |  host  |         .         |
[    7.825345] cloud-init[979]: ci-info: |   lo   |  True |          ::1/128           |       .       |  host  |         .         |
[    7.826201] cloud-init[979]: ci-info: +--------+-------+----------------------------+---------------+--------+-------------------+
[    7.827021] cloud-init[979]: ci-info: +++++++++++++++++++++++++++Route IPv4 info++++++++++++++++++++++++++++
[    7.828544] cloud-init[979]: ci-info: +-------+-------------+----------+---------------+-----------+-------+
[    7.829605] cloud-init[979]: ci-info: | Route | Destination | Gateway  |    Genmask    | Interface | Flags |
[    7.830553] cloud-init[979]: ci-info: +-------+-------------+----------+---------------+-----------+-------+
[    7.831307] cloud-init[979]: ci-info: |   0   |   0.0.0.0   | 10.0.2.2 |    0.0.0.0    |   enp0s3  |   UG  |
[    7.832075] cloud-init[979]: ci-info: |   1   |   10.0.2.0  | 0.0.0.0  | 255.255.255.0 |   enp0s3  |   U   |
[    7.832784] cloud-init[979]: ci-info: +-------+-------------+----------+---------------+-----------+-------+
[    7.833473] cloud-init[979]: ci-info: +++++++++++++++++++Route IPv6 info+++++++++++++++++++
[    7.834125] cloud-init[979]: ci-info: +-------+-------------+---------+-----------+-------+
[    7.834773] cloud-init[979]: ci-info: | Route | Destination | Gateway | Interface | Flags |
[    7.835422] cloud-init[979]: ci-info: +-------+-------------+---------+-----------+-------+
[    7.836090] cloud-init[979]: ci-info: |   0   |  fe80::/64  |    ::   |   enp0s3  |   U   |
[    7.836787] cloud-init[979]: ci-info: |   3   |   ff00::/8  |    ::   |   enp0s3  |   U   |
[    7.837482] cloud-init[979]: ci-info: +-------+-------------+---------+-----------+-------+
[    7.838221] cloud-init[979]: Generating public/private rsa key pair.
[    7.845205] cloud-init[979]: Your identification has been saved in /etc/ssh/ssh_host_rsa_key.
[    7.846221] cloud-init[979]: Your public key has been saved in /etc/ssh/ssh_host_rsa_key.pub.
[    7.846955] cloud-init[979]: The key fingerprint is:
[    7.847520] cloud-init[979]: SHA256:VIzQmjJcz2ZtSTuT+h6rWa1wlHT8N3gOGVJ5nHoWicY root@ubuntu-xenial
[    7.848243] cloud-init[979]: The key's randomart image is:
[    7.848797] cloud-init[979]: +---[RSA 2048]----+
[    7.849302] cloud-init[979]: |      .o o. ..+ o|
[    7.849807] cloud-init[979]: |      . o.o..E * |
[    7.850301] cloud-init[979]: |   . . =.o.=+.o .|
[    7.850798] cloud-init[979]: |    + o.=.Oo.o+o |
[    7.851269] cloud-init[979]: |     o oSooo ++o.|
[    7.851755] cloud-init[979]: |        .. .  +..|
[    7.852289] cloud-init[979]: |        ..+ .  . |
[    7.852818] cloud-init[979]: |         =.+     |
[    7.853308] cloud-init[979]: |        oo+      |
[    7.853848] cloud-init[979]: +----[SHA256]-----+
[    7.854410] cloud-init[979]: Generating public/private dsa key pair.
[    7.855042] cloud-init[979]: Your identification has been saved in /etc/ssh/ssh_host_dsa_key.
[    7.855988] cloud-init[979]: Your public key has been saved in /etc/ssh/ssh_host_dsa_key.pub.
[    7.856977] cloud-init[979]: The key fingerprint is:
[    7.857641] cloud-init[979]: SHA256:lfFyVD/IyNOyWO1t5sduyvN0f3gWrnYyHNWlIHlOe88 root@ubuntu-xenial
[    7.858500] cloud-init[979]: The key's randomart image is:
[    7.859254] cloud-init[979]: +---[DSA 1024]----+
[    7.860592] cloud-init[979]: |          .....  |
[    7.861148] cloud-init[979]: |          +=O ...|
[    7.862021] cloud-init[979]: |          +@oB o+|
[    7.862577] cloud-init[979]: |         .ooB +.o|
[    7.863065] cloud-init[979]: |        S. . o.* |
[    7.863579] cloud-init[979]: |             .+oE|
[    7.864240] cloud-init[979]: |            . oo*|
[    7.864782] cloud-init[979]: |             *o=O|
[    7.865432] cloud-init[979]: |            ..BB=|
[    7.865938] cloud-init[979]: +----[SHA256]-----+
[    7.866401] cloud-init[979]: [[0;32m  OK  [0m] Started Initial cloud-init job (metadata service crawler).
[[0;32m  OK  [0m] Reached target System Initialization.
[[0;32m  OK  [0m] Listening on D-Bus System Message Bus Socket.
[[0;32m  OK  [0m] Started Daily apt download activities.
Generating public/private ecdsa key pair.
[    7.867893] cloud-init[979]: Your identification has been saved in /etc/ssh/ssh_host_ecdsa_key.
[    7.868612] [[0;32m  OK  [0m] Started ACPI Events Check.
[[0;32m  OK  [0m] Reached target Paths.
[[0;32m  OK  [0m] Started Daily Cleanup of Temporary Directories.
         Starting Socket activation for snappy daemon.
[[0;32m  OK  [0m] Started Ubuntu Advantage update messaging.
[[0;32m  OK  [0m] Started Message of the Day.
[[0;32m  OK  [0m] Listening on UUID daemon activation socket.
cloud-init[[0;32m  OK  [0m] Listening on ACPID Listen Socket.
[979]: Your public key has been saved in /etc/ssh/ssh_host_ecdsa_key.pub.
         Starting LXD - unix socket.
[    7.870646] cloud-init[979]: The key fingerprint is:
[    7.874242] [[0;32m  OK  [0m] Started Daily apt upgrade and clean activities.
[[0;32m  OK  [0m] Reached target Timers.
[[0;32m  OK  [0m] Reached target Cloud-config availability.
[[0;32m  OK  [0m] Reached target Network is Online.
cloud-init[979]: SHA256:2MSLbwA3Naf76xZH1DSDFuc6UGXMg4qQKHN/jgF2BvI root@ubuntu-xenial
[    7.875657] cloud-init[979]: The key's randomart image is:
[    7.877204] cloud-init[979]: +---[ECDSA 256]---+
[    7.877706] cloud-init[979]: |  . .o .o . oXB  |
[    7.878167] cloud-init[979]: |  oo= =o + .=+=o |
[    7.878575] cloud-init[979]: |   =E=o.+..+  .. |
[    7.879005] cloud-init[979]: |     oo*oo....   |
[    7.879437] cloud-init[979]: |      +=S  .o    |
[    7.879858] cloud-init[979]: |      .o... ..   |
[    7.880291] cloud-init[979]: |        o .o     |
[    7.880764] cloud-init[979]: |       .  ..     |
[    7.881184] cloud-init[979]: |         oo      |
[    7.881613] cloud-init[979]: +----[SHA256]-----+
[    7.882055] cloud-init[979]: Generating public/private ed25519 key pair.
[    7.882540] cloud-init[979]: Your identification has been saved in /etc/ssh/ssh_host_ed25519_key.
[    7.883116] cloud-init[979]: Your public key has been saved in /etc/ssh/ssh_host_ed25519_key.pub.
[    7.883680] cloud-init[979]: The key fingerprint is:
[    7.884132] cloud-init[979]: SHA256:RmfVu6FNVHQR26YVAy2c/JKi8IhNAS0bJwKHQbOO8n4 root@ubuntu-xenial
[    7.884724] cloud-init[979]: The key's randomart image is:
[    7.885228] cloud-init[979]: +--[ED25519 256]--+
[    7.885646] cloud-init[979]: |.=+. .o     +o+B*|
[    7.886088] cloud-init[979]: | .+. + +   . =o.*|
[    7.886543] cloud-init[979]: | .  . * o o  .+o+|
[    7.886960] cloud-init[979]: |o    . + o . o+= |
[    7.887373] cloud-init[979]: |o.    + S . .+oo |
[    7.887797] cloud-init[979]: |..   . + o  . o  |
[    7.888298] cloud-init[979]: |  .              |
[    7.889306] cloud-init[979]: | .  E            |
[    7.892215] cloud-init         Starting iSCSI initiator daemon (iscsid)...
[979]: |  ..             |[[0;32m  OK  [0m] Listening on Socket activation for snappy daemon.
[[0;32m  OK  [0m] Listening on LXD - unix socket.
[[0;32m  OK  [0m] Reached target Sockets.
[[0;32m  OK  [0m] Reached target Basic System.

[    7.894726] cloud-init[979]: +----[SHA256]-----+
         Starting Login Service...
         Starting LSB: MD monitoring daemon...
[[0;32m  OK  [0m] Started Regular background program processing daemon.
         Starting Accounts Service...
         Starting Pollinate to seed the pseudo random number generator...
         Starting LSB: Record successful boot for GRUB...
[[0;32m  OK  [0m] Started D-Bus System Message Bus.
[[0;32m  OK  [0m] Started Deferred execution scheduler.
         Starting System Logging Service...
         Starting Virtualbox guest utils...
[[0;32m  OK  [0m] Started ACPI event daemon.
         Starting /etc/rc.local Compatibility...
         Starting LXD - container startup/shutdown...
[[0;32m  OK  [0m] Started FUSE filesystem for LXC.
         Starting Snap Daemon...
[[0;32m  OK  [0m] Started /etc/rc.local Compatibility.
[[0;32m  OK  [0m] Started Login Service.
[[0;32m  OK  [0m] Started Unattended Upgrades Shutdown.
         Starting Authenticate and Authorize Users to Run Privileged Tasks...
[[0;32m  OK  [0m] Started iSCSI initiator daemon (iscsid).
         Starting Login to default iSCSI targets...
[[0;32m  OK  [0m] Started LSB: Record successful boot for GRUB.
[[0;32m  OK  [0m] Started LSB: MD monitoring daemon.
[[0;32m  OK  [0m] Started Login to default iSCSI targets.
[[0;32m  OK  [0m] Reached target Remote File Systems (Pre).
[[0;32m  OK  [0m] Reached target Remote File Systems.
         Starting LSB: Set the CPU Frequency Scaling governor to "ondemand"...
         Starting LSB: automatic crash report generation...
         Starting Permit User Sessions...
         Starting LSB: daemon to balance interrupts for SMP systems...
[[0;32m  OK  [0m] Started System Logging Service.
[[0;32m  OK  [0m] Started Authenticate and Authorize Users to Run Privileged Tasks.
[[0;32m  OK  [0m] Started Permit User Sessions.
[[0;32m  OK  [0m] Started Accounts Service.
         Starting Terminate Plymouth Boot Screen...
         Starting Hold until boot process finishes up...
[[0;32m  OK  [0m] Started Hold until boot process finishes up.
[[0;32m  OK  [0m] Started Terminate Plymouth Boot Screen.
[[0;32m  OK  [0m] Started Serial Getty on ttyS0.
[[0;32m  OK  [0m] Started Getty on tty1.
[[0;32m  OK  [0m] Reached target Login Prompts.
         Starting Set console scheme...
[[0;32m  OK  [0m] Started LSB: automatic crash report generation.
[[0;32m  OK  [0m] Started Set console scheme.
[[0;32m  OK  [0m] Started LSB: Set the CPU Frequency Scaling governor to "ondemand".
[[0;32m  OK  [0m] Started LSB: daemon to balance interrupts for SMP systems.
[[0;32m  OK  [0m] Started Virtualbox guest utils.
[[0;32m  OK  [0m] Started LXD - container startup/shutdown.
[[0;32m  OK  [0m] Started Snap Daemon.
         Starting Wait until snapd is fully seeded...
[[0;32m  OK  [0m] Started Pollinate to seed the pseudo random number generator.
         Starting OpenBSD Secure Shell server...
[[0;32m  OK  [0m] Started OpenBSD Secure Shell server.
[[0;32m  OK  [0m] Started Wait until snapd is fully seeded.
         Starting Apply the settings specified in cloud-config...
[[0;32m  OK  [0m] Reached target Multi-User System.
[[0;32m  OK  [0m] Reached target Graphical Interface.
         Starting Update UTMP about System Runlevel Changes...
[[0;32m  OK  [0m] Started Update UTMP about System Runlevel Changes.
[   11.619269] cloud-init[1320]: Generating locales (this might take a while)...
[   12.345774] cloud-init[1320]:   en_US.UTF-8... done
[   12.346474] cloud-init[1320]: Generation complete.
[[0;32m  OK  [0m] Created slice User Slice of vagrant.
         Starting User Manager for UID 1000...
[[0;32m  OK  [0m] Started Session 1 of user vagrant.
[[0;32m  OK  [0m] Started User Manager for UID 1000.
[   12.740952] cloud-init[1320]: Cloud-init v. 21.1-19-gbad84ad4-0ubuntu1~16.04.2 running 'modules:config' at Wed, 01 Feb 2023 20:41:33 +0000. Up 11.47 seconds.
[[0;32m  OK  [0m] Started Apply the settings specified in cloud-config.
         Starting Execute cloud user/final scripts...
ci-info: no authorized SSH keys fingerprints found for user ubuntu.
<14>Feb  1 20:41:35 ec2: 
<14>Feb  1 20:41:35 ec2: #############################################################
<14>Feb  1 20:41:35 ec2: -----BEGIN SSH HOST KEY FINGERPRINTS-----
<14>Feb  1 20:41:35 ec2: 1024 SHA256:lfFyVD/IyNOyWO1t5sduyvN0f3gWrnYyHNWlIHlOe88 root@ubuntu-xenial (DSA)
<14>Feb  1 20:41:35 ec2: 256 SHA256:2MSLbwA3Naf76xZH1DSDFuc6UGXMg4qQKHN/jgF2BvI root@ubuntu-xenial (ECDSA)
<14>Feb  1 20:41:35 ec2: 256 SHA256:RmfVu6FNVHQR26YVAy2c/JKi8IhNAS0bJwKHQbOO8n4 root@ubuntu-xenial (ED25519)
<14>Feb  1 20:41:35 ec2: 2048 SHA256:VIzQmjJcz2ZtSTuT+h6rWa1wlHT8N3gOGVJ5nHoWicY root@ubuntu-xenial (RSA)
<14>Feb  1 20:41:35 ec2: -----END SSH HOST KEY FINGERPRINTS-----
<14>Feb  1 20:41:35 ec2: #############################################################
-----BEGIN SSH HOST KEY KEYS-----
ecdsa-sha2-nistp256 AAAAE2VjZHNhLXNoYTItbmlzdHAyNTYAAAAIbmlzdHAyNTYAAABBBPq4tX1EP92POigR85x2cDUnB/289yVGDVAtOXPaaI+xsDawDsLJTBZxg2DpyLfmWP+E/zuAcJZQ5729ZYdGOdg= root@ubuntu-xenial
ssh-ed25519 AAAAC3NzaC1lZDI1NTE5AAAAILlwA6nKrU9T9dt+IyrJ/h+az+asqqwQSmkWH5ix2UtT root@ubuntu-xenial
ssh-rsa AAAAB3NzaC1yc2EAAAADAQABAAABAQDPc6rNLvudyevM+BBVgoHbxP0aeO/EBlGB1qdVigBaDuUZl0+8LuRU0TlJD7N0b6zw55SoG4KZ3yW1ZPznCYaEpsoBMHnL5f4e2oJldSxKj8dGxA64EgXrVT5eLxGoozhidoqgCa4k9y1GvAt9HqqkDTjInPAVUG/cwfP6GwaQfMHdMt2lw+zdtu5w1010tX1ianlsEd+SDovVLrS50SdAfAUnX0f19JqSBOMCiEovyn7LY6LBurQV5BebtB1fMMsmV1yITjp0/T92Tgbb1f4lElZBjAcVBJvD/OXwZTycqc41XnmNSKQcQuGU7LUymzVeD4vOvMP88H3JsY87HDu/ root@ubuntu-xenial
-----END SSH HOST KEY KEYS-----
[   13.336703] cloud-init[1395]: Cloud-init v. 21.1-19-gbad84ad4-0ubuntu1~16.04.2 running 'modules:final' at Wed, 01 Feb 2023 20:41:34 +0000. Up 13.14 seconds.
[   13.337143] cloud-init[1395]: ci-info: no authorized SSH keys fingerprints found for user ubuntu.
[   13.337250] cloud-init[1395]: Cloud-init v. 21.1-19-gbad84ad4-0ubuntu1~16.04.2 finished at Wed, 01 Feb 2023 20:41:35 +0000. Datasource DataSourceNoCloud [seed=/dev/sdb][dsmode=net].  Up 13.32 seconds

Ubuntu 16.04.7 LTS ubuntu-xenial ttyS0

ubuntu-xenial login: [[0;32m  OK  [0m] Closed Load/Save RF Kill Switch Status /dev/rfkill Watch.
         Stopping Session 3 of user vagrant.
[[0;32m  OK  [0m] Stopped target Timers.
[[0;32m  OK  [0m] Stopped Message of the Day.
[[0;32m  OK  [0m] Stopped Daily Cleanup of Temporary Directories.
         Stopping User Manager for UID 1000...
[[0;32m  OK  [0m] Stopped target Cloud-init target.
[[0;32m  OK  [0m] Stopped Execute cloud user/final scripts.
[[0;32m  OK  [0m] Stopped Ubuntu Advantage update messaging.
         Stopping Authenticate and Authorize Users to Run Privileged Tasks...
[[0;32m  OK  [0m] Stopped target Graphical Interface.
[[0;32m  OK  [0m] Stopped target Multi-User System.
         Stopping Regular background program processing daemon...
         Stopping Deferred execution scheduler...
         Stopping Virtualbox guest utils...
         Stopping OpenBSD Secure Shell server...
         Stopping A high performance web server and a reverse proxy server...
         Stopping System Logging Service...
         Stopping LSB: MD monitoring daemon...
         Stopping D-Bus System Message Bus...
         Stopping FUSE filesystem for LXC...
         Stopping LXD - container startup/shutdown...
         Stopping LSB: Record successful boot for GRUB...
         Stopping LSB: automatic crash report generation...
         Stopping Accounts Service...
         Stopping LSB: Set the CPU Frequency Scaling governor to "ondemand"...
         Stopping LSB: daemon to balance interrupts for SMP systems...
[[0;32m  OK  [0m] Stopped Apply the settings specified in cloud-config.
[[0;32m  OK  [0m] Stopped target Cloud-config availability.
[[0;32m  OK  [0m] Stopped Wait until snapd is fully seeded.
         Stopping ACPI event daemon...
[[0;32m  OK  [0m] Stopped target Login Prompts.
         Stopping Getty on tty1...
         Stopping Serial Getty on ttyS0...
[[0;32m  OK  [0m] Stopped Daily apt upgrade and clean activities.
[[0;32m  OK  [0[[0;32m  OK  [0m] Unmounted /var/lib/lxcfs.
[[0;32m  OK  [0m] Stopped Regular background program processing daemon.
[[0;32m  OK  [0m] Stopped Accounts Service.
[[0;32m  OK  [0m] Stopped Deferred execution scheduler.
[[0;32m  OK  [0m] Stopped System Logging Service.
[[0;32m  OK  [0m] Stopped Authenticate and Authorize Users to Run Privileged Tasks.
[[0;32m  OK  [0m] Stopped Serial Getty on ttyS0.
[[0;32m  OK  [0m] Stopped Getty on tty1.
[[0;32m  OK  [0m] Stopped OpenBSD Secure Shell server.
[[0;32m  OK  [0m] Stopped User Manager for UID 1000.
[[0;32m  OK  [0m] Stopped Session 3 of user vagrant.
[[0;32m  OK  [0m] Stopped D-Bus System Message Bus.
[[0;32m  OK  [0m] Stopped A high performance web server and a reverse proxy server.
[[0;32m  OK  [0m] Stopped FUSE filesystem for LXC.
[[0;32m  OK  [0m] Stopped LSB: Set the CPU Frequency Scaling governor to "ondemand".
[[0;32m  OK  [0m] Stopped LSB: MD monitoring daemon.
[[0;32m  OK  [0m] Stopped LXD - container startup/shutdown.
[[0;32m  OK  [0m] Stopped LSB: automatic crash report generation.
[[0;32m  OK  [0m] Stopped ACPI event daemon.
[[0;32m  OK  [0m] Stopped LSB: Record successful boot for GRUB.
[[0;32m  OK  [0m] Stopped LSB: daemon to balance interrupts for SMP systems.
[[0;32m  OK  [0m] Removed slice User Slice of vagrant.
         Stopping Login Service...
[[0;32m  OK  [0m] Removed slice system-getty.slice.
         Stopping Permit User Sessions...
[[0;32m  OK  [0m] Stopped /etc/rc.local Compatibility.
[[0;32m  OK  [0m] Removed slice system-serial\x2dgetty.slice.
[[0;32m  OK  [0m] Stopped Permit User Sessions.
[[0;32m  OK  [0m] Stopped target Remote File Systems.
         Unmounting /vagrant...
[[0;32m  OK  [0m] Stopped Virtualbox guest utils.
[[0;32m  OK  [0m] Unmounted /vagrant.
[[0;32m  OK  [0m] Stopped target Remote File Systems (Pre).
         Stopping Login to default iSCSI targets...
[[0;32m  OK  [0m] Stopped Login to default iSCSI targets.
         Stopping iSCSI initiator daemon (iscsid)...
[[0;32m  OK  [0m] Stopped iSCSI initiator daemon (iscsid).
[[0;32m  OK  [0m] Stopped target Network is Online.
[[0;32m  OK  [0m] Stopped target Network.
[[0;32m  OK  [0m] Stopped Login Service.
[[0;32m  OK  [0m] Stopped target Basic System.
[[0;32m  OK  [0m] Stopped target Paths.
[[0;32m  OK  [0m] Stopped Forward Password Requests to Wall Directory Watch.
[[0;32m  OK  [0m] Stopped Dispatch Password Requests to Console Directory Watch.
[[0;32m  OK  [0m] Stopped ACPI Events Check.
[[0;32m  OK  [0m] Stopped target Sockets.
[[0;32m  OK  [0m] Closed Syslog Socket.
[[0;32m  OK  [0m] Closed Socket activation for snappy daemon.
[[0;32m  OK  [0m] Closed LXD - unix socket.
[[0;32m  OK  [0m] Closed ACPID Listen Socket.
[[0;32m  OK  [0m] Closed D-Bus System Message Bus Socket.
[[0;32m  OK  [0m] Closed UUID daemon activation socket.
[[0;32m  OK  [0m] Stopped target System Initialization.
[[0;32m  OK  [0m] Stopped target Encrypted Volumes.
         Stopping Update UTMP about System Boot/Shutdown...
[[0;32m  OK  [0m] Stopped Initial cloud-init job (metadata service crawler).
         Stopping Raise network interfaces...
[[0;32m  OK  [0m] Stopped target Swap.
         Stopping Load/Save Random Seed...
[[0;32m  OK  [0m] Stopped Commit a transient machine-id on disk.
[[0;32m  OK  [0m] Stopped target Slices.
[[0;32m  OK  [0m] Removed slice User and Session Slice.
[[0;32m  OK  [0m] Stopped target User and Group Name Lookups.
[[0;32m  OK  [0m] Stopped Load/Save Random Seed.
[[0;32m  OK  [0m] Stopped Update UTMP about System Boot/Shutdown.
[[0;32m  OK  [0m] Stopped Create Volatile Files and Directories.
[[0;32m  OK  [0m] Stopped Raise network interfaces.
[[0;32m  OK  [0m] Stopped target Local File Systems.
         Unmounting /run/user/1000...
[[0;32m  OK  [0m] Stopped Apply Kernel Variables.
[[0;32m  OK  [0m] Stopped Load Kernel Modules.
[[0;32m  OK  [0m] Stopped target Network (Pre).
[[0;32m  OK  [0m] Stopped Initial cloud-init job (pre-networking).
[[0;32m  OK  [0m] Unmounted /run/user/1000.
[[0;32m  OK  [0m] Reached target Unmount All Filesystems.
[[0;32m  OK  [0m] Stopped target Local File Systems (Pre).
[[0;32m  OK  [0m] Stopped Create Static Device Nodes in /dev.
         Stopping Monitoring of LVM2 mirrors... dmeventd or progress polling...
[[0;32m  OK  [0m] Stopped Remount Root and Kernel File Systems.
[[0;32m  OK  [0m] Reached target Shutdown.
[  632.421268] reboot: Power down
